TN:
SF:server.js
FN:22,(anonymous_0)
FN:31,(anonymous_1)
FN:56,(anonymous_2)
FN:92,(anonymous_3)
FN:106,(anonymous_4)
FN:138,(anonymous_5)
FN:147,(anonymous_6)
FN:322,(anonymous_7)
FN:328,(anonymous_8)
FN:343,(anonymous_9)
FN:356,(anonymous_10)
FN:365,(anonymous_11)
FN:414,(anonymous_12)
FN:486,(anonymous_13)
FN:502,(anonymous_14)
FN:515,(anonymous_15)
FN:533,(anonymous_16)
FN:637,(anonymous_17)
FN:643,(anonymous_18)
FN:654,(anonymous_19)
FNF:20
FNH:9
FNDA:1,(anonymous_0)
FNDA:1,(anonymous_1)
FNDA:0,(anonymous_2)
FNDA:1,(anonymous_3)
FNDA:0,(anonymous_4)
FNDA:1,(anonymous_5)
FNDA:1,(anonymous_6)
FNDA:1,(anonymous_7)
FNDA:0,(anonymous_8)
FNDA:0,(anonymous_9)
FNDA:1,(anonymous_10)
FNDA:0,(anonymous_11)
FNDA:0,(anonymous_12)
FNDA:1,(anonymous_13)
FNDA:0,(anonymous_14)
FNDA:1,(anonymous_15)
FNDA:0,(anonymous_16)
FNDA:0,(anonymous_17)
FNDA:0,(anonymous_18)
FNDA:0,(anonymous_19)
DA:1,1
DA:2,1
DA:3,1
DA:4,1
DA:5,1
DA:6,1
DA:7,1
DA:8,1
DA:9,1
DA:11,1
DA:12,1
DA:15,1
DA:16,1
DA:22,1
DA:23,1
DA:24,1
DA:25,0
DA:26,0
DA:31,1
DA:32,1
DA:33,1
DA:34,1
DA:35,1
DA:37,1
DA:38,1
DA:39,1
DA:40,1
DA:42,1
DA:43,1
DA:48,0
DA:50,0
DA:51,0
DA:56,1
DA:57,0
DA:58,0
DA:60,0
DA:70,0
DA:71,0
DA:72,0
DA:74,0
DA:75,0
DA:80,1
DA:81,1
DA:82,1
DA:85,1
DA:86,1
DA:89,1
DA:92,1
DA:93,1
DA:94,1
DA:95,1
DA:96,1
DA:98,1
DA:99,1
DA:102,1
DA:105,1
DA:106,0
DA:110,1
DA:111,0
DA:119,1
DA:120,1
DA:122,1
DA:126,1
DA:135,1
DA:138,1
DA:139,1
DA:147,1
DA:148,1
DA:149,1
DA:150,1
DA:153,1
DA:154,1
DA:161,0
DA:164,0
DA:170,0
DA:174,0
DA:178,0
DA:179,0
DA:185,0
DA:186,0
DA:192,0
DA:194,0
DA:196,0
DA:198,0
DA:202,0
DA:218,0
DA:220,0
DA:222,0
DA:223,0
DA:226,0
DA:230,0
DA:231,0
DA:234,0
DA:241,0
DA:242,0
DA:244,0
DA:246,0
DA:247,0
DA:248,0
DA:251,0
DA:253,0
DA:254,0
DA:256,0
DA:258,0
DA:259,0
DA:260,0
DA:261,0
DA:262,0
DA:263,0
DA:267,0
DA:268,0
DA:269,0
DA:271,0
DA:272,0
DA:276,0
DA:278,0
DA:279,0
DA:280,0
DA:282,0
DA:283,0
DA:287,0
DA:297,0
DA:300,0
DA:301,0
DA:307,0
DA:308,0
DA:314,0
DA:322,1
DA:323,1
DA:324,1
DA:328,1
DA:329,0
DA:330,0
DA:332,0
DA:333,0
DA:341,0
DA:342,0
DA:343,0
DA:346,0
DA:356,1
DA:357,1
DA:365,1
DA:366,0
DA:367,0
DA:369,0
DA:370,0
DA:376,0
DA:377,0
DA:383,0
DA:388,0
DA:389,0
DA:390,0
DA:391,0
DA:399,0
DA:405,0
DA:406,0
DA:414,1
DA:415,0
DA:416,0
DA:419,0
DA:420,0
DA:426,0
DA:427,0
DA:428,0
DA:431,0
DA:436,0
DA:452,0
DA:453,0
DA:461,1
DA:464,1
DA:486,1
DA:487,1
DA:488,1
DA:489,1
DA:490,1
DA:491,1
DA:494,0
DA:496,0
DA:497,0
DA:502,1
DA:503,0
DA:504,0
DA:505,0
DA:506,0
DA:507,0
DA:509,0
DA:510,0
DA:515,1
DA:516,1
DA:517,1
DA:518,1
DA:524,0
DA:525,0
DA:533,1
DA:534,0
DA:535,0
DA:538,0
DA:539,0
DA:546,0
DA:547,0
DA:554,0
DA:555,0
DA:562,0
DA:563,0
DA:564,0
DA:571,0
DA:572,0
DA:579,0
DA:580,0
DA:581,0
DA:587,0
DA:588,0
DA:594,0
DA:596,0
DA:603,0
DA:611,0
DA:612,0
DA:613,0
DA:620,0
DA:626,0
DA:627,0
DA:635,1
DA:637,0
DA:638,0
DA:639,0
DA:641,0
DA:642,0
DA:643,0
DA:646,0
DA:647,0
DA:651,0
DA:654,0
DA:655,0
DA:656,0
DA:660,1
LF:235
LH:81
BRDA:12,0,0,1
BRDA:12,0,1,0
BRDA:24,1,0,0
BRDA:24,1,1,1
BRDA:33,2,0,1
BRDA:33,2,1,0
BRDA:35,3,0,1
BRDA:35,3,1,0
BRDA:38,4,0,1
BRDA:38,4,1,0
BRDA:42,5,0,1
BRDA:42,5,1,0
BRDA:42,6,0,1
BRDA:42,6,1,1
BRDA:82,7,0,1
BRDA:82,7,1,0
BRDA:82,8,0,1
BRDA:82,8,1,0
BRDA:93,9,0,1
BRDA:93,9,1,1
BRDA:98,10,0,1
BRDA:98,10,1,0
BRDA:110,11,0,0
BRDA:110,11,1,1
BRDA:149,12,0,1
BRDA:149,13,0,1
BRDA:150,14,0,1
BRDA:150,14,1,1
BRDA:153,15,0,1
BRDA:153,15,1,0
BRDA:153,16,0,1
BRDA:153,16,1,0
BRDA:166,17,0,0
BRDA:166,17,1,0
BRDA:170,18,0,0
BRDA:170,18,1,0
BRDA:170,18,2,0
BRDA:174,19,0,0
BRDA:174,19,1,0
BRDA:174,19,2,0
BRDA:178,20,0,0
BRDA:178,20,1,0
BRDA:178,21,0,0
BRDA:178,21,1,0
BRDA:185,22,0,0
BRDA:185,22,1,0
BRDA:185,23,0,0
BRDA:185,23,1,0
BRDA:196,24,0,0
BRDA:196,24,1,0
BRDA:218,25,0,0
BRDA:218,25,1,0
BRDA:220,26,0,0
BRDA:220,26,1,0
BRDA:246,27,0,0
BRDA:246,27,1,0
BRDA:251,28,0,0
BRDA:251,28,1,0
BRDA:251,29,0,0
BRDA:251,29,1,0
BRDA:253,30,0,0
BRDA:253,30,1,0
BRDA:254,31,0,0
BRDA:254,31,1,0
BRDA:258,32,0,0
BRDA:258,32,1,0
BRDA:258,33,0,0
BRDA:258,33,1,0
BRDA:261,34,0,0
BRDA:261,34,1,0
BRDA:267,35,0,0
BRDA:267,35,1,0
BRDA:278,36,0,0
BRDA:278,36,1,0
BRDA:283,37,0,0
BRDA:283,37,1,0
BRDA:300,38,0,0
BRDA:300,38,1,0
BRDA:307,39,0,0
BRDA:307,39,1,0
BRDA:332,40,0,0
BRDA:332,40,1,0
BRDA:369,41,0,0
BRDA:369,41,1,0
BRDA:369,42,0,0
BRDA:369,42,1,0
BRDA:369,42,2,0
BRDA:369,42,3,0
BRDA:376,43,0,0
BRDA:376,43,1,0
BRDA:376,44,0,0
BRDA:376,44,1,0
BRDA:389,45,0,0
BRDA:389,45,1,0
BRDA:419,46,0,0
BRDA:419,46,1,0
BRDA:419,47,0,0
BRDA:419,47,1,0
BRDA:426,48,0,0
BRDA:426,48,1,0
BRDA:427,49,0,0
BRDA:427,49,1,0
BRDA:439,50,0,0
BRDA:439,50,1,0
BRDA:440,51,0,0
BRDA:440,51,1,0
BRDA:442,52,0,0
BRDA:442,52,1,0
BRDA:444,53,0,0
BRDA:444,53,1,0
BRDA:488,54,0,1
BRDA:488,54,1,0
BRDA:490,55,0,1
BRDA:490,55,1,0
BRDA:538,56,0,0
BRDA:538,56,1,0
BRDA:538,57,0,0
BRDA:538,57,1,0
BRDA:538,57,2,0
BRDA:546,58,0,0
BRDA:546,58,1,0
BRDA:554,59,0,0
BRDA:554,59,1,0
BRDA:562,60,0,0
BRDA:562,60,1,0
BRDA:563,61,0,0
BRDA:563,61,1,0
BRDA:571,62,0,0
BRDA:571,62,1,0
BRDA:571,63,0,0
BRDA:571,63,1,0
BRDA:580,64,0,0
BRDA:580,64,1,0
BRDA:580,65,0,0
BRDA:580,65,1,0
BRDA:580,65,2,0
BRDA:587,66,0,0
BRDA:587,66,1,0
BRDA:594,67,0,0
BRDA:594,67,1,0
BRDA:594,68,0,0
BRDA:594,68,1,0
BRDA:594,68,2,0
BRDA:594,68,3,0
BRDA:594,68,4,0
BRDA:612,69,0,0
BRDA:612,69,1,0
BRDA:635,70,0,0
BRDA:635,70,1,1
BRDA:646,71,0,0
BRDA:646,71,1,0
BRF:151
BRH:23
end_of_record
